<?xml version="1.0" encoding="UTF-8"?>
<!-- Generated by org.testng.reporters.JUnitXMLReporter -->
<testsuite ignored="3" hostname="LAPTOP-TTIULDMC" failures="2" tests="2" name="Test" time="0.227" errors="0" timestamp="2024-02-22T16:21:59 IST">
  <testcase classname="testngpkg.Rediff" name="creatacctext" time="0.044">
    <failure type="java.lang.NullPointerException" message="Cannot invoke &amp;quot;org.openqa.selenium.chrome.ChromeDriver.findElement(org.openqa.selenium.By)&amp;quot; because &amp;quot;this.driver&amp;quot; is null">
      <![CDATA[java.lang.NullPointerException: Cannot invoke "org.openqa.selenium.chrome.ChromeDriver.findElement(org.openqa.selenium.By)" because "this.driver" is null
at testngpkg.Rediff.creatacctext(Rediff.java:75)
at java.base/java.util.ArrayList.forEach(ArrayList.java:1511)
... Removed 27 stack frames]]>
    </failure>
  </testcase> <!-- creatacctext -->
  <testcase classname="testngpkg.Rediff" name="titleverification" time="0.005">
    <failure type="java.lang.NullPointerException" message="Cannot invoke &amp;quot;org.openqa.selenium.chrome.ChromeDriver.getTitle()&amp;quot; because &amp;quot;this.driver&amp;quot; is null">
      <![CDATA[java.lang.NullPointerException: Cannot invoke "org.openqa.selenium.chrome.ChromeDriver.getTitle()" because "this.driver" is null
at testngpkg.Rediff.titleverification(Rediff.java:28)
at java.base/java.util.ArrayList.forEach(ArrayList.java:1511)
... Removed 27 stack frames]]>
    </failure>
  </testcase> <!-- titleverification -->
  <testcase classname="testngpkg.Rediff" name="labelcheck" time="0.0">
    <ignored/>
  </testcase> <!-- labelcheck -->
  <testcase classname="testngpkg.Rediff" name="creataccbutton" time="0.0">
    <ignored/>
  </testcase> <!-- creataccbutton -->
  <testcase classname="testngpkg.Rediff" name="logo" time="0.0">
    <ignored/>
  </testcase> <!-- logo -->
</testsuite> <!-- Test -->
