<?xml version="1.0" encoding="UTF-8"?>
<testng-results ignored="0" total="1" passed="1" failed="0" skipped="0">
  <reporter-output>
  </reporter-output>
  <suite started-at="2024-03-17T09:02:39 IST" name="Default suite" finished-at="2024-03-17T09:05:36 IST" duration-ms="176309">
    <groups>
    </groups>
    <test started-at="2024-03-17T09:02:39 IST" name="Default test" finished-at="2024-03-17T09:05:36 IST" duration-ms="176309">
      <class name="testngpkg.Ebaywait">
        <test-method is-config="true" signature="setup()[pri:0, instance:testngpkg.Ebaywait@5e600dd5]" started-at="2024-03-17T09:02:39 IST" name="setup" finished-at="2024-03-17T09:05:23 IST" duration-ms="163859" status="PASS">
          <reporter-output>
          </reporter-output>
        </test-method> <!-- setup -->
        <test-method signature="operations()[pri:0, instance:testngpkg.Ebaywait@5e600dd5]" started-at="2024-03-17T09:05:23 IST" name="operations" finished-at="2024-03-17T09:05:36 IST" duration-ms="12403" status="PASS">
          <reporter-output>
          </reporter-output>
        </test-method> <!-- operations -->
      </class> <!-- testngpkg.Ebaywait -->
    </test> <!-- Default test -->
  </suite> <!-- Default suite -->
</testng-results>
